  Obj.cpp
c:\users\haeho\desktop\win api\framework\framework\include\types.h(44): warning C4244: '=': 'const LONG'에서 'float'(으)로 변환하면서 데이터가 손실될 수 있습니다.
c:\users\haeho\desktop\win api\framework\framework\include\types.h(45): warning C4244: '=': 'const LONG'에서 'float'(으)로 변환하면서 데이터가 손실될 수 있습니다.
c:\users\haeho\desktop\win api\framework\framework\include\types.h(56): warning C4244: '=': 'const LONG'에서 'float'(으)로 변환하면서 데이터가 손실될 수 있습니다.
c:\users\haeho\desktop\win api\framework\framework\include\types.h(57): warning C4244: '=': 'const LONG'에서 'float'(으)로 변환하면서 데이터가 손실될 수 있습니다.
c:\users\haeho\desktop\win api\framework\framework\include\object\obj.cpp(318): warning C4244: '인수': 'float'에서 'int'(으)로 변환하면서 데이터가 손실될 수 있습니다.
c:\users\haeho\desktop\win api\framework\framework\include\object\obj.cpp(324): warning C4244: '인수': 'float'에서 'int'(으)로 변환하면서 데이터가 손실될 수 있습니다.
  Minion.cpp
c:\users\haeho\desktop\win api\framework\framework\include\types.h(44): warning C4244: '=': 'const LONG'에서 'float'(으)로 변환하면서 데이터가 손실될 수 있습니다.
c:\users\haeho\desktop\win api\framework\framework\include\types.h(45): warning C4244: '=': 'const LONG'에서 'float'(으)로 변환하면서 데이터가 손실될 수 있습니다.
c:\users\haeho\desktop\win api\framework\framework\include\types.h(56): warning C4244: '=': 'const LONG'에서 'float'(으)로 변환하면서 데이터가 손실될 수 있습니다.
c:\users\haeho\desktop\win api\framework\framework\include\types.h(57): warning C4244: '=': 'const LONG'에서 'float'(으)로 변환하면서 데이터가 손실될 수 있습니다.
  Bullet.cpp
c:\users\haeho\desktop\win api\framework\framework\include\types.h(44): warning C4244: '=': 'const LONG'에서 'float'(으)로 변환하면서 데이터가 손실될 수 있습니다.
c:\users\haeho\desktop\win api\framework\framework\include\types.h(45): warning C4244: '=': 'const LONG'에서 'float'(으)로 변환하면서 데이터가 손실될 수 있습니다.
c:\users\haeho\desktop\win api\framework\framework\include\types.h(56): warning C4244: '=': 'const LONG'에서 'float'(으)로 변환하면서 데이터가 손실될 수 있습니다.
c:\users\haeho\desktop\win api\framework\framework\include\types.h(57): warning C4244: '=': 'const LONG'에서 'float'(으)로 변환하면서 데이터가 손실될 수 있습니다.
  ColliderRect.cpp
c:\users\haeho\desktop\win api\framework\framework\include\types.h(44): warning C4244: '=': 'const LONG'에서 'float'(으)로 변환하면서 데이터가 손실될 수 있습니다.
c:\users\haeho\desktop\win api\framework\framework\include\types.h(45): warning C4244: '=': 'const LONG'에서 'float'(으)로 변환하면서 데이터가 손실될 수 있습니다.
c:\users\haeho\desktop\win api\framework\framework\include\types.h(56): warning C4244: '=': 'const LONG'에서 'float'(으)로 변환하면서 데이터가 손실될 수 있습니다.
c:\users\haeho\desktop\win api\framework\framework\include\types.h(57): warning C4244: '=': 'const LONG'에서 'float'(으)로 변환하면서 데이터가 손실될 수 있습니다.
  Collider.cpp
c:\users\haeho\desktop\win api\framework\framework\include\types.h(44): warning C4244: '=': 'const LONG'에서 'float'(으)로 변환하면서 데이터가 손실될 수 있습니다.
c:\users\haeho\desktop\win api\framework\framework\include\types.h(45): warning C4244: '=': 'const LONG'에서 'float'(으)로 변환하면서 데이터가 손실될 수 있습니다.
c:\users\haeho\desktop\win api\framework\framework\include\types.h(56): warning C4244: '=': 'const LONG'에서 'float'(으)로 변환하면서 데이터가 손실될 수 있습니다.
c:\users\haeho\desktop\win api\framework\framework\include\types.h(57): warning C4244: '=': 'const LONG'에서 'float'(으)로 변환하면서 데이터가 손실될 수 있습니다.
  코드를 생성하고 있습니다...
  컴파일하고 있습니다...
  main.cpp
c:\users\haeho\desktop\win api\framework\framework\include\types.h(44): warning C4244: '=': 'const LONG'에서 'float'(으)로 변환하면서 데이터가 손실될 수 있습니다.
c:\users\haeho\desktop\win api\framework\framework\include\types.h(45): warning C4244: '=': 'const LONG'에서 'float'(으)로 변환하면서 데이터가 손실될 수 있습니다.
c:\users\haeho\desktop\win api\framework\framework\include\types.h(56): warning C4244: '=': 'const LONG'에서 'float'(으)로 변환하면서 데이터가 손실될 수 있습니다.
c:\users\haeho\desktop\win api\framework\framework\include\types.h(57): warning C4244: '=': 'const LONG'에서 'float'(으)로 변환하면서 데이터가 손실될 수 있습니다.
  SceneManager.cpp
c:\users\haeho\desktop\win api\framework\framework\include\types.h(44): warning C4244: '=': 'const LONG'에서 'float'(으)로 변환하면서 데이터가 손실될 수 있습니다.
c:\users\haeho\desktop\win api\framework\framework\include\types.h(45): warning C4244: '=': 'const LONG'에서 'float'(으)로 변환하면서 데이터가 손실될 수 있습니다.
c:\users\haeho\desktop\win api\framework\framework\include\types.h(56): warning C4244: '=': 'const LONG'에서 'float'(으)로 변환하면서 데이터가 손실될 수 있습니다.
c:\users\haeho\desktop\win api\framework\framework\include\types.h(57): warning C4244: '=': 'const LONG'에서 'float'(으)로 변환하면서 데이터가 손실될 수 있습니다.
  Scene.cpp
c:\users\haeho\desktop\win api\framework\framework\include\types.h(44): warning C4244: '=': 'const LONG'에서 'float'(으)로 변환하면서 데이터가 손실될 수 있습니다.
c:\users\haeho\desktop\win api\framework\framework\include\types.h(45): warning C4244: '=': 'const LONG'에서 'float'(으)로 변환하면서 데이터가 손실될 수 있습니다.
c:\users\haeho\desktop\win api\framework\framework\include\types.h(56): warning C4244: '=': 'const LONG'에서 'float'(으)로 변환하면서 데이터가 손실될 수 있습니다.
c:\users\haeho\desktop\win api\framework\framework\include\types.h(57): warning C4244: '=': 'const LONG'에서 'float'(으)로 변환하면서 데이터가 손실될 수 있습니다.
  Layer.cpp
c:\users\haeho\desktop\win api\framework\framework\include\types.h(44): warning C4244: '=': 'const LONG'에서 'float'(으)로 변환하면서 데이터가 손실될 수 있습니다.
c:\users\haeho\desktop\win api\framework\framework\include\types.h(45): warning C4244: '=': 'const LONG'에서 'float'(으)로 변환하면서 데이터가 손실될 수 있습니다.
c:\users\haeho\desktop\win api\framework\framework\include\types.h(56): warning C4244: '=': 'const LONG'에서 'float'(으)로 변환하면서 데이터가 손실될 수 있습니다.
c:\users\haeho\desktop\win api\framework\framework\include\types.h(57): warning C4244: '=': 'const LONG'에서 'float'(으)로 변환하면서 데이터가 손실될 수 있습니다.
  InGameScene.cpp
c:\users\haeho\desktop\win api\framework\framework\include\types.h(44): warning C4244: '=': 'const LONG'에서 'float'(으)로 변환하면서 데이터가 손실될 수 있습니다.
c:\users\haeho\desktop\win api\framework\framework\include\types.h(45): warning C4244: '=': 'const LONG'에서 'float'(으)로 변환하면서 데이터가 손실될 수 있습니다.
c:\users\haeho\desktop\win api\framework\framework\include\types.h(56): warning C4244: '=': 'const LONG'에서 'float'(으)로 변환하면서 데이터가 손실될 수 있습니다.
c:\users\haeho\desktop\win api\framework\framework\include\types.h(57): warning C4244: '=': 'const LONG'에서 'float'(으)로 변환하면서 데이터가 손실될 수 있습니다.
  Texture.cpp
c:\users\haeho\desktop\win api\framework\framework\include\types.h(44): warning C4244: '=': 'const LONG'에서 'float'(으)로 변환하면서 데이터가 손실될 수 있습니다.
c:\users\haeho\desktop\win api\framework\framework\include\types.h(45): warning C4244: '=': 'const LONG'에서 'float'(으)로 변환하면서 데이터가 손실될 수 있습니다.
c:\users\haeho\desktop\win api\framework\framework\include\types.h(56): warning C4244: '=': 'const LONG'에서 'float'(으)로 변환하면서 데이터가 손실될 수 있습니다.
c:\users\haeho\desktop\win api\framework\framework\include\types.h(57): warning C4244: '=': 'const LONG'에서 'float'(으)로 변환하면서 데이터가 손실될 수 있습니다.
  ResourcesManager.cpp
c:\users\haeho\desktop\win api\framework\framework\include\types.h(44): warning C4244: '=': 'const LONG'에서 'float'(으)로 변환하면서 데이터가 손실될 수 있습니다.
c:\users\haeho\desktop\win api\framework\framework\include\types.h(45): warning C4244: '=': 'const LONG'에서 'float'(으)로 변환하면서 데이터가 손실될 수 있습니다.
c:\users\haeho\desktop\win api\framework\framework\include\types.h(56): warning C4244: '=': 'const LONG'에서 'float'(으)로 변환하면서 데이터가 손실될 수 있습니다.
c:\users\haeho\desktop\win api\framework\framework\include\types.h(57): warning C4244: '=': 'const LONG'에서 'float'(으)로 변환하면서 데이터가 손실될 수 있습니다.
  Ref.cpp
c:\users\haeho\desktop\win api\framework\framework\include\types.h(44): warning C4244: '=': 'const LONG'에서 'float'(으)로 변환하면서 데이터가 손실될 수 있습니다.
c:\users\haeho\desktop\win api\framework\framework\include\types.h(45): warning C4244: '=': 'const LONG'에서 'float'(으)로 변환하면서 데이터가 손실될 수 있습니다.
c:\users\haeho\desktop\win api\framework\framework\include\types.h(56): warning C4244: '=': 'const LONG'에서 'float'(으)로 변환하면서 데이터가 손실될 수 있습니다.
c:\users\haeho\desktop\win api\framework\framework\include\types.h(57): warning C4244: '=': 'const LONG'에서 'float'(으)로 변환하면서 데이터가 손실될 수 있습니다.
  StaticObj.cpp
c:\users\haeho\desktop\win api\framework\framework\include\types.h(44): warning C4244: '=': 'const LONG'에서 'float'(으)로 변환하면서 데이터가 손실될 수 있습니다.
c:\users\haeho\desktop\win api\framework\framework\include\types.h(45): warning C4244: '=': 'const LONG'에서 'float'(으)로 변환하면서 데이터가 손실될 수 있습니다.
c:\users\haeho\desktop\win api\framework\framework\include\types.h(56): warning C4244: '=': 'const LONG'에서 'float'(으)로 변환하면서 데이터가 손실될 수 있습니다.
c:\users\haeho\desktop\win api\framework\framework\include\types.h(57): warning C4244: '=': 'const LONG'에서 'float'(으)로 변환하면서 데이터가 손실될 수 있습니다.
  Stage.cpp
c:\users\haeho\desktop\win api\framework\framework\include\types.h(44): warning C4244: '=': 'const LONG'에서 'float'(으)로 변환하면서 데이터가 손실될 수 있습니다.
c:\users\haeho\desktop\win api\framework\framework\include\types.h(45): warning C4244: '=': 'const LONG'에서 'float'(으)로 변환하면서 데이터가 손실될 수 있습니다.
c:\users\haeho\desktop\win api\framework\framework\include\types.h(56): warning C4244: '=': 'const LONG'에서 'float'(으)로 변환하면서 데이터가 손실될 수 있습니다.
c:\users\haeho\desktop\win api\framework\framework\include\types.h(57): warning C4244: '=': 'const LONG'에서 'float'(으)로 변환하면서 데이터가 손실될 수 있습니다.
c:\users\haeho\desktop\win api\framework\framework\include\object\stage.cpp(63): warning C4244: '인수': 'float'에서 'int'(으)로 변환하면서 데이터가 손실될 수 있습니다.
  Player.cpp
c:\users\haeho\desktop\win api\framework\framework\include\types.h(44): warning C4244: '=': 'const LONG'에서 'float'(으)로 변환하면서 데이터가 손실될 수 있습니다.
c:\users\haeho\desktop\win api\framework\framework\include\types.h(45): warning C4244: '=': 'const LONG'에서 'float'(으)로 변환하면서 데이터가 손실될 수 있습니다.
c:\users\haeho\desktop\win api\framework\framework\include\types.h(56): warning C4244: '=': 'const LONG'에서 'float'(으)로 변환하면서 데이터가 손실될 수 있습니다.
c:\users\haeho\desktop\win api\framework\framework\include\types.h(57): warning C4244: '=': 'const LONG'에서 'float'(으)로 변환하면서 데이터가 손실될 수 있습니다.
  MoveObj.cpp
c:\users\haeho\desktop\win api\framework\framework\include\types.h(44): warning C4244: '=': 'const LONG'에서 'float'(으)로 변환하면서 데이터가 손실될 수 있습니다.
c:\users\haeho\desktop\win api\framework\framework\include\types.h(45): warning C4244: '=': 'const LONG'에서 'float'(으)로 변환하면서 데이터가 손실될 수 있습니다.
c:\users\haeho\desktop\win api\framework\framework\include\types.h(56): warning C4244: '=': 'const LONG'에서 'float'(으)로 변환하면서 데이터가 손실될 수 있습니다.
c:\users\haeho\desktop\win api\framework\framework\include\types.h(57): warning C4244: '=': 'const LONG'에서 'float'(으)로 변환하면서 데이터가 손실될 수 있습니다.
  Timer.cpp
c:\users\haeho\desktop\win api\framework\framework\include\types.h(44): warning C4244: '=': 'const LONG'에서 'float'(으)로 변환하면서 데이터가 손실될 수 있습니다.
c:\users\haeho\desktop\win api\framework\framework\include\types.h(45): warning C4244: '=': 'const LONG'에서 'float'(으)로 변환하면서 데이터가 손실될 수 있습니다.
c:\users\haeho\desktop\win api\framework\framework\include\types.h(56): warning C4244: '=': 'const LONG'에서 'float'(으)로 변환하면서 데이터가 손실될 수 있습니다.
c:\users\haeho\desktop\win api\framework\framework\include\types.h(57): warning C4244: '=': 'const LONG'에서 'float'(으)로 변환하면서 데이터가 손실될 수 있습니다.
  PathManager.cpp
c:\users\haeho\desktop\win api\framework\framework\include\types.h(44): warning C4244: '=': 'const LONG'에서 'float'(으)로 변환하면서 데이터가 손실될 수 있습니다.
c:\users\haeho\desktop\win api\framework\framework\include\types.h(45): warning C4244: '=': 'const LONG'에서 'float'(으)로 변환하면서 데이터가 손실될 수 있습니다.
c:\users\haeho\desktop\win api\framework\framework\include\types.h(56): warning C4244: '=': 'const LONG'에서 'float'(으)로 변환하면서 데이터가 손실될 수 있습니다.
c:\users\haeho\desktop\win api\framework\framework\include\types.h(57): warning C4244: '=': 'const LONG'에서 'float'(으)로 변환하면서 데이터가 손실될 수 있습니다.
  Input.cpp
c:\users\haeho\desktop\win api\framework\framework\include\types.h(44): warning C4244: '=': 'const LONG'에서 'float'(으)로 변환하면서 데이터가 손실될 수 있습니다.
c:\users\haeho\desktop\win api\framework\framework\include\types.h(45): warning C4244: '=': 'const LONG'에서 'float'(으)로 변환하면서 데이터가 손실될 수 있습니다.
c:\users\haeho\desktop\win api\framework\framework\include\types.h(56): warning C4244: '=': 'const LONG'에서 'float'(으)로 변환하면서 데이터가 손실될 수 있습니다.
c:\users\haeho\desktop\win api\framework\framework\include\types.h(57): warning C4244: '=': 'const LONG'에서 'float'(으)로 변환하면서 데이터가 손실될 수 있습니다.
  Camera.cpp
c:\users\haeho\desktop\win api\framework\framework\include\types.h(44): warning C4244: '=': 'const LONG'에서 'float'(으)로 변환하면서 데이터가 손실될 수 있습니다.
c:\users\haeho\desktop\win api\framework\framework\include\types.h(45): warning C4244: '=': 'const LONG'에서 'float'(으)로 변환하면서 데이터가 손실될 수 있습니다.
c:\users\haeho\desktop\win api\framework\framework\include\types.h(56): warning C4244: '=': 'const LONG'에서 'float'(으)로 변환하면서 데이터가 손실될 수 있습니다.
c:\users\haeho\desktop\win api\framework\framework\include\types.h(57): warning C4244: '=': 'const LONG'에서 'float'(으)로 변환하면서 데이터가 손실될 수 있습니다.
c:\users\haeho\desktop\win api\framework\framework\include\core\camera.cpp(56): warning C4244: '인수': 'float'에서 'int'(으)로 변환하면서 데이터가 손실될 수 있습니다.
c:\users\haeho\desktop\win api\framework\framework\include\core\camera.cpp(66): warning C4244: '인수': 'float'에서 'int'(으)로 변환하면서 데이터가 손실될 수 있습니다.
c:\users\haeho\desktop\win api\framework\framework\include\core\camera.cpp(116): warning C4244: '=': 'unsigned int'에서 'float'(으)로 변환하면서 데이터가 손실될 수 있습니다.
c:\users\haeho\desktop\win api\framework\framework\include\core\camera.cpp(129): warning C4244: '=': 'unsigned int'에서 'float'(으)로 변환하면서 데이터가 손실될 수 있습니다.
  Core.cpp
c:\users\haeho\desktop\win api\framework\framework\include\types.h(44): warning C4244: '=': 'const LONG'에서 'float'(으)로 변환하면서 데이터가 손실될 수 있습니다.
c:\users\haeho\desktop\win api\framework\framework\include\types.h(45): warning C4244: '=': 'const LONG'에서 'float'(으)로 변환하면서 데이터가 손실될 수 있습니다.
c:\users\haeho\desktop\win api\framework\framework\include\types.h(56): warning C4244: '=': 'const LONG'에서 'float'(으)로 변환하면서 데이터가 손실될 수 있습니다.
c:\users\haeho\desktop\win api\framework\framework\include\types.h(57): warning C4244: '=': 'const LONG'에서 'float'(으)로 변환하면서 데이터가 손실될 수 있습니다.
c:\users\haeho\desktop\win api\framework\framework\include\core.cpp(213): warning C4838: 'unsigned int'에서 'LONG'(으)로의 변환에는 축소 변환이 필요합니다.
  ColliderManager.cpp
c:\users\haeho\desktop\win api\framework\framework\include\types.h(44): warning C4244: '=': 'const LONG'에서 'float'(으)로 변환하면서 데이터가 손실될 수 있습니다.
c:\users\haeho\desktop\win api\framework\framework\include\types.h(45): warning C4244: '=': 'const LONG'에서 'float'(으)로 변환하면서 데이터가 손실될 수 있습니다.
c:\users\haeho\desktop\win api\framework\framework\include\types.h(56): warning C4244: '=': 'const LONG'에서 'float'(으)로 변환하면서 데이터가 손실될 수 있습니다.
c:\users\haeho\desktop\win api\framework\framework\include\types.h(57): warning C4244: '=': 'const LONG'에서 'float'(으)로 변환하면서 데이터가 손실될 수 있습니다.
  코드를 생성하고 있습니다...
  FrameWork.vcxproj -> C:\Users\haeho\Desktop\WIN API\FrameWork\FrameWork\include\../Bin/FrameWork_Debug.exe
  FrameWork.vcxproj -> ../Bin/FrameWork_Debug.pdb (Full PDB)
