d:\유준환\129기\frame129\default\debug\default.pch
d:\유준환\129기\frame129\default\debug\vc140.pdb
d:\유준환\129기\frame129\default\debug\vc140.idb
d:\유준환\129기\frame129\default\debug\stdafx.obj
d:\유준환\129기\frame129\default\debug\linemgr.obj
d:\유준환\129기\frame129\default\debug\logo.obj
d:\유준환\129기\frame129\default\debug\maingame.obj
d:\유준환\129기\frame129\default\debug\monster.obj
d:\유준환\129기\frame129\default\debug\mouse.obj
d:\유준환\129기\frame129\default\debug\mybmp.obj
d:\유준환\129기\frame129\default\debug\mybutton.obj
d:\유준환\129기\frame129\default\debug\myedit.obj
d:\유준환\129기\frame129\default\debug\mymenu.obj
d:\유준환\129기\frame129\default\debug\obj.obj
d:\유준환\129기\frame129\default\debug\objmgr.obj
d:\유준환\129기\frame129\default\debug\player.obj
d:\유준환\129기\frame129\default\debug\scene.obj
d:\유준환\129기\frame129\default\debug\scenemgr.obj
d:\유준환\129기\frame129\default\debug\screwbullet.obj
d:\유준환\129기\frame129\default\debug\scrollmgr.obj
d:\유준환\129기\frame129\default\debug\shield.obj
d:\유준환\129기\frame129\default\debug\stage.obj
d:\유준환\129기\frame129\default\debug\tile.obj
d:\유준환\129기\frame129\default\debug\tilemgr.obj
d:\유준환\129기\frame129\default\debug\bmpmgr.obj
d:\유준환\129기\frame129\default\debug\bullet.obj
d:\유준환\129기\frame129\default\debug\collisionmgr.obj
d:\유준환\129기\frame129\default\debug\default.obj
d:\유준환\129기\frame129\default\debug\guidebullet.obj
d:\유준환\129기\frame129\default\debug\keymgr.obj
d:\유준환\129기\frame129\default\debug\line.obj
d:\유준환\129기\frame129\default\debug\soundmgr.obj
d:\유준환\129기\frame129\debug\default.ilk
d:\유준환\129기\frame129\debug\default.exe
d:\유준환\129기\frame129\debug\default.pdb
d:\유준환\129기\frame129\default\debug\default.res
d:\유준환\129기\frame129\default\debug\default.tlog\cl.command.1.tlog
d:\유준환\129기\frame129\default\debug\default.tlog\cl.read.1.tlog
d:\유준환\129기\frame129\default\debug\default.tlog\cl.write.1.tlog
d:\유준환\129기\frame129\default\debug\default.tlog\link.command.1.tlog
d:\유준환\129기\frame129\default\debug\default.tlog\link.read.1.tlog
d:\유준환\129기\frame129\default\debug\default.tlog\link.write.1.tlog
d:\유준환\129기\frame129\default\debug\default.tlog\rc.command.1.tlog
d:\유준환\129기\frame129\default\debug\default.tlog\rc.read.1.tlog
d:\유준환\129기\frame129\default\debug\default.tlog\rc.write.1.tlog
